app/build/intermediates/manifest_merge_blame_file/debug/manifest-merger-blame-debug-report.txt
1<?xml version="1.0" encoding="utf-8"?>
2<manifest xmlns:android="http://schemas.android.com/apk/res/android"
3    package="org.beginners.saran.map"
4    android:versionCode="1"
5    android:versionName="1.0" >
6
7    <uses-sdk
8        android:minSdkVersion="19"
8-->src\main\AndroidManifest.xml
9        android:targetSdkVersion="28" />
9-->src\main\AndroidManifest.xml
10
11    <uses-permission android:name="android.permission.RECORD_AUDIO" />
11-->src\main\AndroidManifest.xml:5:5-71
11-->src\main\AndroidManifest.xml:5:22-68
12    <uses-permission android:name="android.permission.INTERNET" />
12-->src\main\AndroidManifest.xml:6:5-67
12-->src\main\AndroidManifest.xml:6:22-64
13    <uses-permission android:name="android.permission.ACCESS_FINE_LOCATION" />
13-->src\main\AndroidManifest.xml:7:5-79
13-->src\main\AndroidManifest.xml:7:22-76
14    <uses-permission android:name="android.permission.ACCESS_COARSE_LOCATION" />
14-->src\main\AndroidManifest.xml:8:5-81
14-->src\main\AndroidManifest.xml:8:22-78
15    <uses-permission android:name="android.permission.CALL_PHONE" />
15-->src\main\AndroidManifest.xml:9:5-69
15-->src\main\AndroidManifest.xml:9:22-66
16    <uses-permission android:name="android.permission.READ_PHONE_STATE" />
16-->src\main\AndroidManifest.xml:10:5-75
16-->src\main\AndroidManifest.xml:10:22-72
17    <uses-permission android:name="android.permission.SEND_SMS" />
17-->src\main\AndroidManifest.xml:11:5-66
17-->src\main\AndroidManifest.xml:11:22-64
18    <uses-permission android:name="android.permission.ACCESS_WIFI_STATE" /> <!-- Include required permissions for Google Maps API to run. -->
18-->[com.google.android.libraries.places:places:2.0.0] AndroidManifest.xml:10:5-76
18-->[com.google.android.libraries.places:places:2.0.0] AndroidManifest.xml:10:22-73
19    <uses-permission android:name="android.permission.ACCESS_NETWORK_STATE" />
19-->[com.google.android.gms:play-services-maps:17.0.0] AndroidManifest.xml:23:5-79
19-->[com.google.android.gms:play-services-maps:17.0.0] AndroidManifest.xml:23:22-76
20
21    <uses-feature
21-->[com.google.android.gms:play-services-maps:17.0.0] AndroidManifest.xml:26:5-28:35
22        android:glEsVersion="0x00020000"
22-->[com.google.android.gms:play-services-maps:17.0.0] AndroidManifest.xml:27:9-41
23        android:required="true" />
23-->[com.google.android.gms:play-services-maps:17.0.0] AndroidManifest.xml:28:9-32
24
25    <application
25-->src\main\AndroidManifest.xml:13:5-50:19
26        android:allowBackup="true"
26-->src\main\AndroidManifest.xml:14:9-35
27        android:appComponentFactory="androidx.core.app.CoreComponentFactory"
27-->[androidx.core:core:1.0.0] AndroidManifest.xml:22:18-86
28        android:debuggable="true"
29        android:icon="@mipmap/ic_launcher"
29-->src\main\AndroidManifest.xml:15:9-43
30        android:label="@string/app_name"
30-->src\main\AndroidManifest.xml:16:9-41
31        android:roundIcon="@mipmap/ic_launcher_round"
31-->src\main\AndroidManifest.xml:17:9-54
32        android:supportsRtl="true"
32-->src\main\AndroidManifest.xml:18:9-35
33        android:testOnly="true"
34        android:theme="@style/AppTheme" >
34-->src\main\AndroidManifest.xml:19:9-40
35        <activity android:name="org.beginners.saran.map.EmergencyContactActivity" />
35-->src\main\AndroidManifest.xml:20:9-71
35-->src\main\AndroidManifest.xml:20:19-59
36
37        <meta-data
37-->src\main\AndroidManifest.xml:22:9-24:69
38            android:name="com.google.android.gms.version"
38-->src\main\AndroidManifest.xml:23:13-58
39            android:value="@integer/google_play_services_version" />
39-->src\main\AndroidManifest.xml:24:13-66
40        <meta-data
40-->src\main\AndroidManifest.xml:25:9-27:47
41            android:name="com.google.android.geo.API_KEY"
41-->src\main\AndroidManifest.xml:26:13-58
42            android:value="@string/Map_api" />
42-->src\main\AndroidManifest.xml:27:13-44
43
44        <activity android:name="org.beginners.saran.map.MapActivity" >
44-->src\main\AndroidManifest.xml:29:9-40:20
44-->src\main\AndroidManifest.xml:29:19-46
45            <intent-filter>
45-->src\main\AndroidManifest.xml:30:13-34:29
46                <action android:name="android.intent.action.MAIN" />
46-->src\main\AndroidManifest.xml:31:17-69
46-->src\main\AndroidManifest.xml:31:25-66
47
48                <category android:name="android.intent.category.LAUNCHER" />
48-->src\main\AndroidManifest.xml:33:17-77
48-->src\main\AndroidManifest.xml:33:27-74
49            </intent-filter>
50            <intent-filter>
50-->src\main\AndroidManifest.xml:35:13-39:29
51                <action android:name="android.intent.action.CALL_PRIVILEGED" />
51-->src\main\AndroidManifest.xml:36:17-80
51-->src\main\AndroidManifest.xml:36:25-77
52
53                <data android:scheme="tel" />
53-->src\main\AndroidManifest.xml:38:17-46
53-->src\main\AndroidManifest.xml:38:23-43
54            </intent-filter>
55        </activity>
56        <activity
56-->src\main\AndroidManifest.xml:41:9-49:20
57            android:name="org.beginners.saran.map.DirecctionActivity"
57-->src\main\AndroidManifest.xml:42:13-47
58            android:screenOrientation="portrait" >
58-->src\main\AndroidManifest.xml:43:13-49
59            <intent-filter>
59-->src\main\AndroidManifest.xml:35:13-39:29
60                <action android:name="android.intent.action.CALL_PRIVILEGED" />
60-->src\main\AndroidManifest.xml:36:17-80
60-->src\main\AndroidManifest.xml:36:25-77
61
62                <data android:scheme="tel" />
62-->src\main\AndroidManifest.xml:38:17-46
62-->src\main\AndroidManifest.xml:38:23-43
63            </intent-filter>
64        </activity>
65        <!-- Autocomplete -->
66        <activity
66-->[com.google.android.libraries.places:places:2.0.0] AndroidManifest.xml:16:9-23:20
67            android:name="com.google.android.libraries.places.widget.AutocompleteActivity"
67-->[com.google.android.libraries.places:places:2.0.0] AndroidManifest.xml:17:13-91
68            android:exported="false"
68-->[com.google.android.libraries.places:places:2.0.0] AndroidManifest.xml:18:13-37
69            android:hardwareAccelerated="true"
69-->[com.google.android.libraries.places:places:2.0.0] AndroidManifest.xml:19:13-47
70            android:label="@string/places_autocomplete_label"
70-->[com.google.android.libraries.places:places:2.0.0] AndroidManifest.xml:20:13-62
71            android:theme="@style/PlacesAutocompleteThemeOverlay"
71-->[com.google.android.libraries.places:places:2.0.0] AndroidManifest.xml:21:13-66
72            android:windowSoftInputMode="stateAlwaysVisible|adjustPan" >
72-->[com.google.android.libraries.places:places:2.0.0] AndroidManifest.xml:22:13-71
73        </activity> <!-- Needs to be explicitly declared on P+ -->
74        <uses-library
74-->[com.google.android.gms:play-services-maps:17.0.0] AndroidManifest.xml:33:9-35:40
75            android:name="org.apache.http.legacy"
75-->[com.google.android.gms:play-services-maps:17.0.0] AndroidManifest.xml:34:13-50
76            android:required="false" />
76-->[com.google.android.gms:play-services-maps:17.0.0] AndroidManifest.xml:35:13-37
77
78        <activity
78-->[com.google.android.gms:play-services-base:17.0.0] AndroidManifest.xml:23:9-26:75
79            android:name="com.google.android.gms.common.api.GoogleApiActivity"
79-->[com.google.android.gms:play-services-base:17.0.0] AndroidManifest.xml:24:13-79
80            android:exported="false"
80-->[com.google.android.gms:play-services-base:17.0.0] AndroidManifest.xml:25:13-37
81            android:theme="@android:style/Theme.Translucent.NoTitleBar" />
81-->[com.google.android.gms:play-services-base:17.0.0] AndroidManifest.xml:26:13-72
82    </application>
83
84</manifest>